:DIR /swcoe/sdk/cm/netra/arago-tmp/work/dm816x-evm-none-linux-gnueabi/ti-cgt6x-1_7_3_4-r4/ti
:DIR /swcoe/sdk/cm/netra/arago-tmp/work/dm816x-evm-none-linux-gnueabi/ti-cgt6x-1_7_3_4-r4/ti/TI_CGT_C6000_7.3.4
:DIR /swcoe/sdk/cm/netra/arago-tmp/work/dm816x-evm-none-linux-gnueabi/ti-cgt6x-1_7_3_4-r4/ti/TI_CGT_C6000_7.3.4/bin
:FILE /swcoe/sdk/cm/netra/arago-tmp/work/dm816x-evm-none-linux-gnueabi/ti-cgt6x-1_7_3_4-r4/ti/TI_CGT_C6000_7.3.4/bin/abs6x
:FILE /swcoe/sdk/cm/netra/arago-tmp/work/dm816x-evm-none-linux-gnueabi/ti-cgt6x-1_7_3_4-r4/ti/TI_CGT_C6000_7.3.4/bin/acp6x
:FILE /swcoe/sdk/cm/netra/arago-tmp/work/dm816x-evm-none-linux-gnueabi/ti-cgt6x-1_7_3_4-r4/ti/TI_CGT_C6000_7.3.4/bin/acpia6x
:FILE /swcoe/sdk/cm/netra/arago-tmp/work/dm816x-evm-none-linux-gnueabi/ti-cgt6x-1_7_3_4-r4/ti/TI_CGT_C6000_7.3.4/bin/ap6x
:FILE /swcoe/sdk/cm/netra/arago-tmp/work/dm816x-evm-none-linux-gnueabi/ti-cgt6x-1_7_3_4-r4/ti/TI_CGT_C6000_7.3.4/bin/ap6x3
:FILE /swcoe/sdk/cm/netra/arago-tmp/work/dm816x-evm-none-linux-gnueabi/ti-cgt6x-1_7_3_4-r4/ti/TI_CGT_C6000_7.3.4/bin/ar6x
:FILE /swcoe/sdk/cm/netra/arago-tmp/work/dm816x-evm-none-linux-gnueabi/ti-cgt6x-1_7_3_4-r4/ti/TI_CGT_C6000_7.3.4/bin/asm6x
:FILE /swcoe/sdk/cm/netra/arago-tmp/work/dm816x-evm-none-linux-gnueabi/ti-cgt6x-1_7_3_4-r4/ti/TI_CGT_C6000_7.3.4/bin/cg6x
:FILE /swcoe/sdk/cm/netra/arago-tmp/work/dm816x-evm-none-linux-gnueabi/ti-cgt6x-1_7_3_4-r4/ti/TI_CGT_C6000_7.3.4/bin/cg6x3
:FILE /swcoe/sdk/cm/netra/arago-tmp/work/dm816x-evm-none-linux-gnueabi/ti-cgt6x-1_7_3_4-r4/ti/TI_CGT_C6000_7.3.4/bin/ci6x
:FILE /swcoe/sdk/cm/netra/arago-tmp/work/dm816x-evm-none-linux-gnueabi/ti-cgt6x-1_7_3_4-r4/ti/TI_CGT_C6000_7.3.4/bin/cl6x
:FILE /swcoe/sdk/cm/netra/arago-tmp/work/dm816x-evm-none-linux-gnueabi/ti-cgt6x-1_7_3_4-r4/ti/TI_CGT_C6000_7.3.4/bin/clist6x
:FILE /swcoe/sdk/cm/netra/arago-tmp/work/dm816x-evm-none-linux-gnueabi/ti-cgt6x-1_7_3_4-r4/ti/TI_CGT_C6000_7.3.4/bin/clt6x
:FILE /swcoe/sdk/cm/netra/arago-tmp/work/dm816x-evm-none-linux-gnueabi/ti-cgt6x-1_7_3_4-r4/ti/TI_CGT_C6000_7.3.4/bin/cmp6x
:FILE /swcoe/sdk/cm/netra/arago-tmp/work/dm816x-evm-none-linux-gnueabi/ti-cgt6x-1_7_3_4-r4/ti/TI_CGT_C6000_7.3.4/bin/dem6x
:FILE /swcoe/sdk/cm/netra/arago-tmp/work/dm816x-evm-none-linux-gnueabi/ti-cgt6x-1_7_3_4-r4/ti/TI_CGT_C6000_7.3.4/bin/dis6x
:FILE /swcoe/sdk/cm/netra/arago-tmp/work/dm816x-evm-none-linux-gnueabi/ti-cgt6x-1_7_3_4-r4/ti/TI_CGT_C6000_7.3.4/bin/embed6x
:FILE /swcoe/sdk/cm/netra/arago-tmp/work/dm816x-evm-none-linux-gnueabi/ti-cgt6x-1_7_3_4-r4/ti/TI_CGT_C6000_7.3.4/bin/hex6x
:FILE /swcoe/sdk/cm/netra/arago-tmp/work/dm816x-evm-none-linux-gnueabi/ti-cgt6x-1_7_3_4-r4/ti/TI_CGT_C6000_7.3.4/bin/ilk6x
:FILE /swcoe/sdk/cm/netra/arago-tmp/work/dm816x-evm-none-linux-gnueabi/ti-cgt6x-1_7_3_4-r4/ti/TI_CGT_C6000_7.3.4/bin/libinfo6x
:FILE /swcoe/sdk/cm/netra/arago-tmp/work/dm816x-evm-none-linux-gnueabi/ti-cgt6x-1_7_3_4-r4/ti/TI_CGT_C6000_7.3.4/bin/lnk6x
:FILE /swcoe/sdk/cm/netra/arago-tmp/work/dm816x-evm-none-linux-gnueabi/ti-cgt6x-1_7_3_4-r4/ti/TI_CGT_C6000_7.3.4/bin/mk6x
:FILE /swcoe/sdk/cm/netra/arago-tmp/work/dm816x-evm-none-linux-gnueabi/ti-cgt6x-1_7_3_4-r4/ti/TI_CGT_C6000_7.3.4/bin/nm6x
:FILE /swcoe/sdk/cm/netra/arago-tmp/work/dm816x-evm-none-linux-gnueabi/ti-cgt6x-1_7_3_4-r4/ti/TI_CGT_C6000_7.3.4/bin/ofd6x
:FILE /swcoe/sdk/cm/netra/arago-tmp/work/dm816x-evm-none-linux-gnueabi/ti-cgt6x-1_7_3_4-r4/ti/TI_CGT_C6000_7.3.4/bin/opt6x
:FILE /swcoe/sdk/cm/netra/arago-tmp/work/dm816x-evm-none-linux-gnueabi/ti-cgt6x-1_7_3_4-r4/ti/TI_CGT_C6000_7.3.4/bin/pdd6x
:FILE /swcoe/sdk/cm/netra/arago-tmp/work/dm816x-evm-none-linux-gnueabi/ti-cgt6x-1_7_3_4-r4/ti/TI_CGT_C6000_7.3.4/bin/pprof6x
:FILE /swcoe/sdk/cm/netra/arago-tmp/work/dm816x-evm-none-linux-gnueabi/ti-cgt6x-1_7_3_4-r4/ti/TI_CGT_C6000_7.3.4/bin/prelink6x
:FILE /swcoe/sdk/cm/netra/arago-tmp/work/dm816x-evm-none-linux-gnueabi/ti-cgt6x-1_7_3_4-r4/ti/TI_CGT_C6000_7.3.4/bin/strip6x
:FILE /swcoe/sdk/cm/netra/arago-tmp/work/dm816x-evm-none-linux-gnueabi/ti-cgt6x-1_7_3_4-r4/ti/TI_CGT_C6000_7.3.4/bin/xref6x
:FILE /swcoe/sdk/cm/netra/arago-tmp/work/dm816x-evm-none-linux-gnueabi/ti-cgt6x-1_7_3_4-r4/ti/TI_CGT_C6000_7.3.4/LICENSE.txt
:FILE /swcoe/sdk/cm/netra/arago-tmp/work/dm816x-evm-none-linux-gnueabi/ti-cgt6x-1_7_3_4-r4/ti/TI_CGT_C6000_7.3.4/DefectHistory.txt
:FILE /swcoe/sdk/cm/netra/arago-tmp/work/dm816x-evm-none-linux-gnueabi/ti-cgt6x-1_7_3_4-r4/ti/TI_CGT_C6000_7.3.4/README.txt
:DIR /swcoe/sdk/cm/netra/arago-tmp/work/dm816x-evm-none-linux-gnueabi/ti-cgt6x-1_7_3_4-r4/ti/TI_CGT_C6000_7.3.4/prelink
:FILE /swcoe/sdk/cm/netra/arago-tmp/work/dm816x-evm-none-linux-gnueabi/ti-cgt6x-1_7_3_4-r4/ti/TI_CGT_C6000_7.3.4/prelink/prelink_README.txt
:DIR /swcoe/sdk/cm/netra/arago-tmp/work/dm816x-evm-none-linux-gnueabi/ti-cgt6x-1_7_3_4-r4/ti/TI_CGT_C6000_7.3.4/prelink/prelink_dependents
:FILE /swcoe/sdk/cm/netra/arago-tmp/work/dm816x-evm-none-linux-gnueabi/ti-cgt6x-1_7_3_4-r4/ti/TI_CGT_C6000_7.3.4/prelink/prelink_dependents/a.c
:FILE /swcoe/sdk/cm/netra/arago-tmp/work/dm816x-evm-none-linux-gnueabi/ti-cgt6x-1_7_3_4-r4/ti/TI_CGT_C6000_7.3.4/prelink/prelink_dependents/b.c
:FILE /swcoe/sdk/cm/netra/arago-tmp/work/dm816x-evm-none-linux-gnueabi/ti-cgt6x-1_7_3_4-r4/ti/TI_CGT_C6000_7.3.4/prelink/prelink_dependents/build_dlls
:FILE /swcoe/sdk/cm/netra/arago-tmp/work/dm816x-evm-none-linux-gnueabi/ti-cgt6x-1_7_3_4-r4/ti/TI_CGT_C6000_7.3.4/prelink/prelink_dependents/c.c
:FILE /swcoe/sdk/cm/netra/arago-tmp/work/dm816x-evm-none-linux-gnueabi/ti-cgt6x-1_7_3_4-r4/ti/TI_CGT_C6000_7.3.4/prelink/prelink_dependents/d.c
:FILE /swcoe/sdk/cm/netra/arago-tmp/work/dm816x-evm-none-linux-gnueabi/ti-cgt6x-1_7_3_4-r4/ti/TI_CGT_C6000_7.3.4/prelink/prelink_dependents/depends.cmd
:FILE /swcoe/sdk/cm/netra/arago-tmp/work/dm816x-evm-none-linux-gnueabi/ti-cgt6x-1_7_3_4-r4/ti/TI_CGT_C6000_7.3.4/prelink/prelink_dependents/driver.c
:FILE /swcoe/sdk/cm/netra/arago-tmp/work/dm816x-evm-none-linux-gnueabi/ti-cgt6x-1_7_3_4-r4/ti/TI_CGT_C6000_7.3.4/prelink/prelink_dependents/format.h
:FILE /swcoe/sdk/cm/netra/arago-tmp/work/dm816x-evm-none-linux-gnueabi/ti-cgt6x-1_7_3_4-r4/ti/TI_CGT_C6000_7.3.4/prelink/prelink_dependents/printf.c
:DIR /swcoe/sdk/cm/netra/arago-tmp/work/dm816x-evm-none-linux-gnueabi/ti-cgt6x-1_7_3_4-r4/ti/TI_CGT_C6000_7.3.4/prelink/prelink_dsbt_assistance
:FILE /swcoe/sdk/cm/netra/arago-tmp/work/dm816x-evm-none-linux-gnueabi/ti-cgt6x-1_7_3_4-r4/ti/TI_CGT_C6000_7.3.4/prelink/prelink_dsbt_assistance/a.c
:FILE /swcoe/sdk/cm/netra/arago-tmp/work/dm816x-evm-none-linux-gnueabi/ti-cgt6x-1_7_3_4-r4/ti/TI_CGT_C6000_7.3.4/prelink/prelink_dsbt_assistance/b.c
:FILE /swcoe/sdk/cm/netra/arago-tmp/work/dm816x-evm-none-linux-gnueabi/ti-cgt6x-1_7_3_4-r4/ti/TI_CGT_C6000_7.3.4/prelink/prelink_dsbt_assistance/build_dyn_objs
:FILE /swcoe/sdk/cm/netra/arago-tmp/work/dm816x-evm-none-linux-gnueabi/ti-cgt6x-1_7_3_4-r4/ti/TI_CGT_C6000_7.3.4/prelink/prelink_dsbt_assistance/c.c
:FILE /swcoe/sdk/cm/netra/arago-tmp/work/dm816x-evm-none-linux-gnueabi/ti-cgt6x-1_7_3_4-r4/ti/TI_CGT_C6000_7.3.4/prelink/prelink_dsbt_assistance/d.c
:FILE /swcoe/sdk/cm/netra/arago-tmp/work/dm816x-evm-none-linux-gnueabi/ti-cgt6x-1_7_3_4-r4/ti/TI_CGT_C6000_7.3.4/prelink/prelink_dsbt_assistance/driver.c
:FILE /swcoe/sdk/cm/netra/arago-tmp/work/dm816x-evm-none-linux-gnueabi/ti-cgt6x-1_7_3_4-r4/ti/TI_CGT_C6000_7.3.4/prelink/prelink_dsbt_assistance/dsbt_ex_1.cmd
:FILE /swcoe/sdk/cm/netra/arago-tmp/work/dm816x-evm-none-linux-gnueabi/ti-cgt6x-1_7_3_4-r4/ti/TI_CGT_C6000_7.3.4/prelink/prelink_dsbt_assistance/dsbt_ex_2.cmd
:FILE /swcoe/sdk/cm/netra/arago-tmp/work/dm816x-evm-none-linux-gnueabi/ti-cgt6x-1_7_3_4-r4/ti/TI_CGT_C6000_7.3.4/prelink/prelink_dsbt_assistance/format.h
:FILE /swcoe/sdk/cm/netra/arago-tmp/work/dm816x-evm-none-linux-gnueabi/ti-cgt6x-1_7_3_4-r4/ti/TI_CGT_C6000_7.3.4/prelink/prelink_dsbt_assistance/instructions.txt
:FILE /swcoe/sdk/cm/netra/arago-tmp/work/dm816x-evm-none-linux-gnueabi/ti-cgt6x-1_7_3_4-r4/ti/TI_CGT_C6000_7.3.4/prelink/prelink_dsbt_assistance/main.c
:FILE /swcoe/sdk/cm/netra/arago-tmp/work/dm816x-evm-none-linux-gnueabi/ti-cgt6x-1_7_3_4-r4/ti/TI_CGT_C6000_7.3.4/prelink/prelink_dsbt_assistance/printf.c
:FILE /swcoe/sdk/cm/netra/arago-tmp/work/dm816x-evm-none-linux-gnueabi/ti-cgt6x-1_7_3_4-r4/ti/TI_CGT_C6000_7.3.4/prelink/prelink_dsbt_assistance/rebuild_some_dlls
:DIR /swcoe/sdk/cm/netra/arago-tmp/work/dm816x-evm-none-linux-gnueabi/ti-cgt6x-1_7_3_4-r4/ti/TI_CGT_C6000_7.3.4/prelink/prelink_dyn_exe
:FILE /swcoe/sdk/cm/netra/arago-tmp/work/dm816x-evm-none-linux-gnueabi/ti-cgt6x-1_7_3_4-r4/ti/TI_CGT_C6000_7.3.4/prelink/prelink_dyn_exe/build_dyn_exe
:FILE /swcoe/sdk/cm/netra/arago-tmp/work/dm816x-evm-none-linux-gnueabi/ti-cgt6x-1_7_3_4-r4/ti/TI_CGT_C6000_7.3.4/prelink/prelink_dyn_exe/hello.c
:FILE /swcoe/sdk/cm/netra/arago-tmp/work/dm816x-evm-none-linux-gnueabi/ti-cgt6x-1_7_3_4-r4/ti/TI_CGT_C6000_7.3.4/prelink/prelink_dyn_exe/hello.exe
:FILE /swcoe/sdk/cm/netra/arago-tmp/work/dm816x-evm-none-linux-gnueabi/ti-cgt6x-1_7_3_4-r4/ti/TI_CGT_C6000_7.3.4/prelink/prelink_dyn_exe/hello_1.cmd
:FILE /swcoe/sdk/cm/netra/arago-tmp/work/dm816x-evm-none-linux-gnueabi/ti-cgt6x-1_7_3_4-r4/ti/TI_CGT_C6000_7.3.4/prelink/prelink_dyn_exe/hello_2.cmd
:FILE /swcoe/sdk/cm/netra/arago-tmp/work/dm816x-evm-none-linux-gnueabi/ti-cgt6x-1_7_3_4-r4/ti/TI_CGT_C6000_7.3.4/prelink/prelink_dyn_exe/hello_3.cmd
:FILE /swcoe/sdk/cm/netra/arago-tmp/work/dm816x-evm-none-linux-gnueabi/ti-cgt6x-1_7_3_4-r4/ti/TI_CGT_C6000_7.3.4/prelink/prelink_dyn_exe/hello_4.cmd
:DIR /swcoe/sdk/cm/netra/arago-tmp/work/dm816x-evm-none-linux-gnueabi/ti-cgt6x-1_7_3_4-r4/ti/TI_CGT_C6000_7.3.4/prelink/prelink_xip_segment
:FILE /swcoe/sdk/cm/netra/arago-tmp/work/dm816x-evm-none-linux-gnueabi/ti-cgt6x-1_7_3_4-r4/ti/TI_CGT_C6000_7.3.4/prelink/prelink_xip_segment/build_dyn_exe
:FILE /swcoe/sdk/cm/netra/arago-tmp/work/dm816x-evm-none-linux-gnueabi/ti-cgt6x-1_7_3_4-r4/ti/TI_CGT_C6000_7.3.4/prelink/prelink_xip_segment/hello.c
:FILE /swcoe/sdk/cm/netra/arago-tmp/work/dm816x-evm-none-linux-gnueabi/ti-cgt6x-1_7_3_4-r4/ti/TI_CGT_C6000_7.3.4/prelink/prelink_xip_segment/hello_lnk.cmd
:FILE /swcoe/sdk/cm/netra/arago-tmp/work/dm816x-evm-none-linux-gnueabi/ti-cgt6x-1_7_3_4-r4/ti/TI_CGT_C6000_7.3.4/prelink/prelink_xip_segment/prelink_hello.cmd
:DIR /swcoe/sdk/cm/netra/arago-tmp/work/dm816x-evm-none-linux-gnueabi/ti-cgt6x-1_7_3_4-r4/ti/TI_CGT_C6000_7.3.4/include
:FILE /swcoe/sdk/cm/netra/arago-tmp/work/dm816x-evm-none-linux-gnueabi/ti-cgt6x-1_7_3_4-r4/ti/TI_CGT_C6000_7.3.4/include/_fmt_specifier.h
:FILE /swcoe/sdk/cm/netra/arago-tmp/work/dm816x-evm-none-linux-gnueabi/ti-cgt6x-1_7_3_4-r4/ti/TI_CGT_C6000_7.3.4/include/_isfuncdcl.h
:FILE /swcoe/sdk/cm/netra/arago-tmp/work/dm816x-evm-none-linux-gnueabi/ti-cgt6x-1_7_3_4-r4/ti/TI_CGT_C6000_7.3.4/include/_isfuncdef.h
:FILE /swcoe/sdk/cm/netra/arago-tmp/work/dm816x-evm-none-linux-gnueabi/ti-cgt6x-1_7_3_4-r4/ti/TI_CGT_C6000_7.3.4/include/_lock.h
:FILE /swcoe/sdk/cm/netra/arago-tmp/work/dm816x-evm-none-linux-gnueabi/ti-cgt6x-1_7_3_4-r4/ti/TI_CGT_C6000_7.3.4/include/access.h
:FILE /swcoe/sdk/cm/netra/arago-tmp/work/dm816x-evm-none-linux-gnueabi/ti-cgt6x-1_7_3_4-r4/ti/TI_CGT_C6000_7.3.4/include/algorithm
:FILE /swcoe/sdk/cm/netra/arago-tmp/work/dm816x-evm-none-linux-gnueabi/ti-cgt6x-1_7_3_4-r4/ti/TI_CGT_C6000_7.3.4/include/assert.h
:FILE /swcoe/sdk/cm/netra/arago-tmp/work/dm816x-evm-none-linux-gnueabi/ti-cgt6x-1_7_3_4-r4/ti/TI_CGT_C6000_7.3.4/include/bitset
:FILE /swcoe/sdk/cm/netra/arago-tmp/work/dm816x-evm-none-linux-gnueabi/ti-cgt6x-1_7_3_4-r4/ti/TI_CGT_C6000_7.3.4/include/c6x.h
:FILE /swcoe/sdk/cm/netra/arago-tmp/work/dm816x-evm-none-linux-gnueabi/ti-cgt6x-1_7_3_4-r4/ti/TI_CGT_C6000_7.3.4/include/c60asm.i
:FILE /swcoe/sdk/cm/netra/arago-tmp/work/dm816x-evm-none-linux-gnueabi/ti-cgt6x-1_7_3_4-r4/ti/TI_CGT_C6000_7.3.4/include/cassert
:FILE /swcoe/sdk/cm/netra/arago-tmp/work/dm816x-evm-none-linux-gnueabi/ti-cgt6x-1_7_3_4-r4/ti/TI_CGT_C6000_7.3.4/include/cctype
:FILE /swcoe/sdk/cm/netra/arago-tmp/work/dm816x-evm-none-linux-gnueabi/ti-cgt6x-1_7_3_4-r4/ti/TI_CGT_C6000_7.3.4/include/cerrno
:FILE /swcoe/sdk/cm/netra/arago-tmp/work/dm816x-evm-none-linux-gnueabi/ti-cgt6x-1_7_3_4-r4/ti/TI_CGT_C6000_7.3.4/include/cfloat
:FILE /swcoe/sdk/cm/netra/arago-tmp/work/dm816x-evm-none-linux-gnueabi/ti-cgt6x-1_7_3_4-r4/ti/TI_CGT_C6000_7.3.4/include/ciso646
:FILE /swcoe/sdk/cm/netra/arago-tmp/work/dm816x-evm-none-linux-gnueabi/ti-cgt6x-1_7_3_4-r4/ti/TI_CGT_C6000_7.3.4/include/climits
:FILE /swcoe/sdk/cm/netra/arago-tmp/work/dm816x-evm-none-linux-gnueabi/ti-cgt6x-1_7_3_4-r4/ti/TI_CGT_C6000_7.3.4/include/clocale
:FILE /swcoe/sdk/cm/netra/arago-tmp/work/dm816x-evm-none-linux-gnueabi/ti-cgt6x-1_7_3_4-r4/ti/TI_CGT_C6000_7.3.4/include/cmath
:FILE /swcoe/sdk/cm/netra/arago-tmp/work/dm816x-evm-none-linux-gnueabi/ti-cgt6x-1_7_3_4-r4/ti/TI_CGT_C6000_7.3.4/include/complex
:FILE /swcoe/sdk/cm/netra/arago-tmp/work/dm816x-evm-none-linux-gnueabi/ti-cgt6x-1_7_3_4-r4/ti/TI_CGT_C6000_7.3.4/include/cpp_inline_math.h
:FILE /swcoe/sdk/cm/netra/arago-tmp/work/dm816x-evm-none-linux-gnueabi/ti-cgt6x-1_7_3_4-r4/ti/TI_CGT_C6000_7.3.4/include/cpy_tbl.h
:FILE /swcoe/sdk/cm/netra/arago-tmp/work/dm816x-evm-none-linux-gnueabi/ti-cgt6x-1_7_3_4-r4/ti/TI_CGT_C6000_7.3.4/include/csetjmp
:FILE /swcoe/sdk/cm/netra/arago-tmp/work/dm816x-evm-none-linux-gnueabi/ti-cgt6x-1_7_3_4-r4/ti/TI_CGT_C6000_7.3.4/include/csignal
:FILE /swcoe/sdk/cm/netra/arago-tmp/work/dm816x-evm-none-linux-gnueabi/ti-cgt6x-1_7_3_4-r4/ti/TI_CGT_C6000_7.3.4/include/cstdarg
:FILE /swcoe/sdk/cm/netra/arago-tmp/work/dm816x-evm-none-linux-gnueabi/ti-cgt6x-1_7_3_4-r4/ti/TI_CGT_C6000_7.3.4/include/cstddef
:FILE /swcoe/sdk/cm/netra/arago-tmp/work/dm816x-evm-none-linux-gnueabi/ti-cgt6x-1_7_3_4-r4/ti/TI_CGT_C6000_7.3.4/include/cstdio
:FILE /swcoe/sdk/cm/netra/arago-tmp/work/dm816x-evm-none-linux-gnueabi/ti-cgt6x-1_7_3_4-r4/ti/TI_CGT_C6000_7.3.4/include/cstdlib
:FILE /swcoe/sdk/cm/netra/arago-tmp/work/dm816x-evm-none-linux-gnueabi/ti-cgt6x-1_7_3_4-r4/ti/TI_CGT_C6000_7.3.4/include/cstring
:FILE /swcoe/sdk/cm/netra/arago-tmp/work/dm816x-evm-none-linux-gnueabi/ti-cgt6x-1_7_3_4-r4/ti/TI_CGT_C6000_7.3.4/include/ctime
:FILE /swcoe/sdk/cm/netra/arago-tmp/work/dm816x-evm-none-linux-gnueabi/ti-cgt6x-1_7_3_4-r4/ti/TI_CGT_C6000_7.3.4/include/ctype.h
:FILE /swcoe/sdk/cm/netra/arago-tmp/work/dm816x-evm-none-linux-gnueabi/ti-cgt6x-1_7_3_4-r4/ti/TI_CGT_C6000_7.3.4/include/cwchar
:FILE /swcoe/sdk/cm/netra/arago-tmp/work/dm816x-evm-none-linux-gnueabi/ti-cgt6x-1_7_3_4-r4/ti/TI_CGT_C6000_7.3.4/include/cwctype
:FILE /swcoe/sdk/cm/netra/arago-tmp/work/dm816x-evm-none-linux-gnueabi/ti-cgt6x-1_7_3_4-r4/ti/TI_CGT_C6000_7.3.4/include/deque
:FILE /swcoe/sdk/cm/netra/arago-tmp/work/dm816x-evm-none-linux-gnueabi/ti-cgt6x-1_7_3_4-r4/ti/TI_CGT_C6000_7.3.4/include/elf_linkage.h
:FILE /swcoe/sdk/cm/netra/arago-tmp/work/dm816x-evm-none-linux-gnueabi/ti-cgt6x-1_7_3_4-r4/ti/TI_CGT_C6000_7.3.4/include/elfnames.h
:FILE /swcoe/sdk/cm/netra/arago-tmp/work/dm816x-evm-none-linux-gnueabi/ti-cgt6x-1_7_3_4-r4/ti/TI_CGT_C6000_7.3.4/include/errno.h
:FILE /swcoe/sdk/cm/netra/arago-tmp/work/dm816x-evm-none-linux-gnueabi/ti-cgt6x-1_7_3_4-r4/ti/TI_CGT_C6000_7.3.4/include/exception
:FILE /swcoe/sdk/cm/netra/arago-tmp/work/dm816x-evm-none-linux-gnueabi/ti-cgt6x-1_7_3_4-r4/ti/TI_CGT_C6000_7.3.4/include/file.h
:FILE /swcoe/sdk/cm/netra/arago-tmp/work/dm816x-evm-none-linux-gnueabi/ti-cgt6x-1_7_3_4-r4/ti/TI_CGT_C6000_7.3.4/include/float.h
:FILE /swcoe/sdk/cm/netra/arago-tmp/work/dm816x-evm-none-linux-gnueabi/ti-cgt6x-1_7_3_4-r4/ti/TI_CGT_C6000_7.3.4/include/fstream
:FILE /swcoe/sdk/cm/netra/arago-tmp/work/dm816x-evm-none-linux-gnueabi/ti-cgt6x-1_7_3_4-r4/ti/TI_CGT_C6000_7.3.4/include/fstream.h
:FILE /swcoe/sdk/cm/netra/arago-tmp/work/dm816x-evm-none-linux-gnueabi/ti-cgt6x-1_7_3_4-r4/ti/TI_CGT_C6000_7.3.4/include/functional
:FILE /swcoe/sdk/cm/netra/arago-tmp/work/dm816x-evm-none-linux-gnueabi/ti-cgt6x-1_7_3_4-r4/ti/TI_CGT_C6000_7.3.4/include/gsm.h
:FILE /swcoe/sdk/cm/netra/arago-tmp/work/dm816x-evm-none-linux-gnueabi/ti-cgt6x-1_7_3_4-r4/ti/TI_CGT_C6000_7.3.4/include/hash_map
:FILE /swcoe/sdk/cm/netra/arago-tmp/work/dm816x-evm-none-linux-gnueabi/ti-cgt6x-1_7_3_4-r4/ti/TI_CGT_C6000_7.3.4/include/hash_set
:FILE /swcoe/sdk/cm/netra/arago-tmp/work/dm816x-evm-none-linux-gnueabi/ti-cgt6x-1_7_3_4-r4/ti/TI_CGT_C6000_7.3.4/include/inttypes.h
:FILE /swcoe/sdk/cm/netra/arago-tmp/work/dm816x-evm-none-linux-gnueabi/ti-cgt6x-1_7_3_4-r4/ti/TI_CGT_C6000_7.3.4/include/iomanip
:FILE /swcoe/sdk/cm/netra/arago-tmp/work/dm816x-evm-none-linux-gnueabi/ti-cgt6x-1_7_3_4-r4/ti/TI_CGT_C6000_7.3.4/include/iomanip.h
:FILE /swcoe/sdk/cm/netra/arago-tmp/work/dm816x-evm-none-linux-gnueabi/ti-cgt6x-1_7_3_4-r4/ti/TI_CGT_C6000_7.3.4/include/ios
:FILE /swcoe/sdk/cm/netra/arago-tmp/work/dm816x-evm-none-linux-gnueabi/ti-cgt6x-1_7_3_4-r4/ti/TI_CGT_C6000_7.3.4/include/iosfwd
:FILE /swcoe/sdk/cm/netra/arago-tmp/work/dm816x-evm-none-linux-gnueabi/ti-cgt6x-1_7_3_4-r4/ti/TI_CGT_C6000_7.3.4/include/iostream
:FILE /swcoe/sdk/cm/netra/arago-tmp/work/dm816x-evm-none-linux-gnueabi/ti-cgt6x-1_7_3_4-r4/ti/TI_CGT_C6000_7.3.4/include/iostream.h
:FILE /swcoe/sdk/cm/netra/arago-tmp/work/dm816x-evm-none-linux-gnueabi/ti-cgt6x-1_7_3_4-r4/ti/TI_CGT_C6000_7.3.4/include/iso646.h
:FILE /swcoe/sdk/cm/netra/arago-tmp/work/dm816x-evm-none-linux-gnueabi/ti-cgt6x-1_7_3_4-r4/ti/TI_CGT_C6000_7.3.4/include/istream
:FILE /swcoe/sdk/cm/netra/arago-tmp/work/dm816x-evm-none-linux-gnueabi/ti-cgt6x-1_7_3_4-r4/ti/TI_CGT_C6000_7.3.4/include/iterator
:FILE /swcoe/sdk/cm/netra/arago-tmp/work/dm816x-evm-none-linux-gnueabi/ti-cgt6x-1_7_3_4-r4/ti/TI_CGT_C6000_7.3.4/include/limits
:FILE /swcoe/sdk/cm/netra/arago-tmp/work/dm816x-evm-none-linux-gnueabi/ti-cgt6x-1_7_3_4-r4/ti/TI_CGT_C6000_7.3.4/include/limits.h
:FILE /swcoe/sdk/cm/netra/arago-tmp/work/dm816x-evm-none-linux-gnueabi/ti-cgt6x-1_7_3_4-r4/ti/TI_CGT_C6000_7.3.4/include/linkage.h
:FILE /swcoe/sdk/cm/netra/arago-tmp/work/dm816x-evm-none-linux-gnueabi/ti-cgt6x-1_7_3_4-r4/ti/TI_CGT_C6000_7.3.4/include/list
:FILE /swcoe/sdk/cm/netra/arago-tmp/work/dm816x-evm-none-linux-gnueabi/ti-cgt6x-1_7_3_4-r4/ti/TI_CGT_C6000_7.3.4/include/locale
:FILE /swcoe/sdk/cm/netra/arago-tmp/work/dm816x-evm-none-linux-gnueabi/ti-cgt6x-1_7_3_4-r4/ti/TI_CGT_C6000_7.3.4/include/locale.h
:FILE /swcoe/sdk/cm/netra/arago-tmp/work/dm816x-evm-none-linux-gnueabi/ti-cgt6x-1_7_3_4-r4/ti/TI_CGT_C6000_7.3.4/include/map
:FILE /swcoe/sdk/cm/netra/arago-tmp/work/dm816x-evm-none-linux-gnueabi/ti-cgt6x-1_7_3_4-r4/ti/TI_CGT_C6000_7.3.4/include/math.h
:FILE /swcoe/sdk/cm/netra/arago-tmp/work/dm816x-evm-none-linux-gnueabi/ti-cgt6x-1_7_3_4-r4/ti/TI_CGT_C6000_7.3.4/include/mathf.h
:FILE /swcoe/sdk/cm/netra/arago-tmp/work/dm816x-evm-none-linux-gnueabi/ti-cgt6x-1_7_3_4-r4/ti/TI_CGT_C6000_7.3.4/include/mathl.h
:FILE /swcoe/sdk/cm/netra/arago-tmp/work/dm816x-evm-none-linux-gnueabi/ti-cgt6x-1_7_3_4-r4/ti/TI_CGT_C6000_7.3.4/include/memory
:FILE /swcoe/sdk/cm/netra/arago-tmp/work/dm816x-evm-none-linux-gnueabi/ti-cgt6x-1_7_3_4-r4/ti/TI_CGT_C6000_7.3.4/include/new
:FILE /swcoe/sdk/cm/netra/arago-tmp/work/dm816x-evm-none-linux-gnueabi/ti-cgt6x-1_7_3_4-r4/ti/TI_CGT_C6000_7.3.4/include/new.h
:FILE /swcoe/sdk/cm/netra/arago-tmp/work/dm816x-evm-none-linux-gnueabi/ti-cgt6x-1_7_3_4-r4/ti/TI_CGT_C6000_7.3.4/include/numeric
:FILE /swcoe/sdk/cm/netra/arago-tmp/work/dm816x-evm-none-linux-gnueabi/ti-cgt6x-1_7_3_4-r4/ti/TI_CGT_C6000_7.3.4/include/ostream
:FILE /swcoe/sdk/cm/netra/arago-tmp/work/dm816x-evm-none-linux-gnueabi/ti-cgt6x-1_7_3_4-r4/ti/TI_CGT_C6000_7.3.4/include/pprof.h
:FILE /swcoe/sdk/cm/netra/arago-tmp/work/dm816x-evm-none-linux-gnueabi/ti-cgt6x-1_7_3_4-r4/ti/TI_CGT_C6000_7.3.4/include/queue
:FILE /swcoe/sdk/cm/netra/arago-tmp/work/dm816x-evm-none-linux-gnueabi/ti-cgt6x-1_7_3_4-r4/ti/TI_CGT_C6000_7.3.4/include/rope
:FILE /swcoe/sdk/cm/netra/arago-tmp/work/dm816x-evm-none-linux-gnueabi/ti-cgt6x-1_7_3_4-r4/ti/TI_CGT_C6000_7.3.4/include/set
:FILE /swcoe/sdk/cm/netra/arago-tmp/work/dm816x-evm-none-linux-gnueabi/ti-cgt6x-1_7_3_4-r4/ti/TI_CGT_C6000_7.3.4/include/setjmp.h
:FILE /swcoe/sdk/cm/netra/arago-tmp/work/dm816x-evm-none-linux-gnueabi/ti-cgt6x-1_7_3_4-r4/ti/TI_CGT_C6000_7.3.4/include/signal.h
:FILE /swcoe/sdk/cm/netra/arago-tmp/work/dm816x-evm-none-linux-gnueabi/ti-cgt6x-1_7_3_4-r4/ti/TI_CGT_C6000_7.3.4/include/slist
:FILE /swcoe/sdk/cm/netra/arago-tmp/work/dm816x-evm-none-linux-gnueabi/ti-cgt6x-1_7_3_4-r4/ti/TI_CGT_C6000_7.3.4/include/sstream
:FILE /swcoe/sdk/cm/netra/arago-tmp/work/dm816x-evm-none-linux-gnueabi/ti-cgt6x-1_7_3_4-r4/ti/TI_CGT_C6000_7.3.4/include/stack
:FILE /swcoe/sdk/cm/netra/arago-tmp/work/dm816x-evm-none-linux-gnueabi/ti-cgt6x-1_7_3_4-r4/ti/TI_CGT_C6000_7.3.4/include/stdarg.h
:FILE /swcoe/sdk/cm/netra/arago-tmp/work/dm816x-evm-none-linux-gnueabi/ti-cgt6x-1_7_3_4-r4/ti/TI_CGT_C6000_7.3.4/include/stdbool.h
:FILE /swcoe/sdk/cm/netra/arago-tmp/work/dm816x-evm-none-linux-gnueabi/ti-cgt6x-1_7_3_4-r4/ti/TI_CGT_C6000_7.3.4/include/stddef.h
:FILE /swcoe/sdk/cm/netra/arago-tmp/work/dm816x-evm-none-linux-gnueabi/ti-cgt6x-1_7_3_4-r4/ti/TI_CGT_C6000_7.3.4/include/stdexcept
:FILE /swcoe/sdk/cm/netra/arago-tmp/work/dm816x-evm-none-linux-gnueabi/ti-cgt6x-1_7_3_4-r4/ti/TI_CGT_C6000_7.3.4/include/stdint.h
:FILE /swcoe/sdk/cm/netra/arago-tmp/work/dm816x-evm-none-linux-gnueabi/ti-cgt6x-1_7_3_4-r4/ti/TI_CGT_C6000_7.3.4/include/stdio.h
:FILE /swcoe/sdk/cm/netra/arago-tmp/work/dm816x-evm-none-linux-gnueabi/ti-cgt6x-1_7_3_4-r4/ti/TI_CGT_C6000_7.3.4/include/stdiostream.h
:FILE /swcoe/sdk/cm/netra/arago-tmp/work/dm816x-evm-none-linux-gnueabi/ti-cgt6x-1_7_3_4-r4/ti/TI_CGT_C6000_7.3.4/include/stdlib.h
:FILE /swcoe/sdk/cm/netra/arago-tmp/work/dm816x-evm-none-linux-gnueabi/ti-cgt6x-1_7_3_4-r4/ti/TI_CGT_C6000_7.3.4/include/stl.h
:FILE /swcoe/sdk/cm/netra/arago-tmp/work/dm816x-evm-none-linux-gnueabi/ti-cgt6x-1_7_3_4-r4/ti/TI_CGT_C6000_7.3.4/include/streambuf
:FILE /swcoe/sdk/cm/netra/arago-tmp/work/dm816x-evm-none-linux-gnueabi/ti-cgt6x-1_7_3_4-r4/ti/TI_CGT_C6000_7.3.4/include/string
:FILE /swcoe/sdk/cm/netra/arago-tmp/work/dm816x-evm-none-linux-gnueabi/ti-cgt6x-1_7_3_4-r4/ti/TI_CGT_C6000_7.3.4/include/string.h
:FILE /swcoe/sdk/cm/netra/arago-tmp/work/dm816x-evm-none-linux-gnueabi/ti-cgt6x-1_7_3_4-r4/ti/TI_CGT_C6000_7.3.4/include/strstream
:FILE /swcoe/sdk/cm/netra/arago-tmp/work/dm816x-evm-none-linux-gnueabi/ti-cgt6x-1_7_3_4-r4/ti/TI_CGT_C6000_7.3.4/include/strstream.h
:FILE /swcoe/sdk/cm/netra/arago-tmp/work/dm816x-evm-none-linux-gnueabi/ti-cgt6x-1_7_3_4-r4/ti/TI_CGT_C6000_7.3.4/include/time.h
:FILE /swcoe/sdk/cm/netra/arago-tmp/work/dm816x-evm-none-linux-gnueabi/ti-cgt6x-1_7_3_4-r4/ti/TI_CGT_C6000_7.3.4/include/typeinfo
:FILE /swcoe/sdk/cm/netra/arago-tmp/work/dm816x-evm-none-linux-gnueabi/ti-cgt6x-1_7_3_4-r4/ti/TI_CGT_C6000_7.3.4/include/unaccess.h
:FILE /swcoe/sdk/cm/netra/arago-tmp/work/dm816x-evm-none-linux-gnueabi/ti-cgt6x-1_7_3_4-r4/ti/TI_CGT_C6000_7.3.4/include/utility
:FILE /swcoe/sdk/cm/netra/arago-tmp/work/dm816x-evm-none-linux-gnueabi/ti-cgt6x-1_7_3_4-r4/ti/TI_CGT_C6000_7.3.4/include/valarray
:FILE /swcoe/sdk/cm/netra/arago-tmp/work/dm816x-evm-none-linux-gnueabi/ti-cgt6x-1_7_3_4-r4/ti/TI_CGT_C6000_7.3.4/include/vect.h
:FILE /swcoe/sdk/cm/netra/arago-tmp/work/dm816x-evm-none-linux-gnueabi/ti-cgt6x-1_7_3_4-r4/ti/TI_CGT_C6000_7.3.4/include/vector
:FILE /swcoe/sdk/cm/netra/arago-tmp/work/dm816x-evm-none-linux-gnueabi/ti-cgt6x-1_7_3_4-r4/ti/TI_CGT_C6000_7.3.4/include/wchar.h
:FILE /swcoe/sdk/cm/netra/arago-tmp/work/dm816x-evm-none-linux-gnueabi/ti-cgt6x-1_7_3_4-r4/ti/TI_CGT_C6000_7.3.4/include/wchar.hx
:FILE /swcoe/sdk/cm/netra/arago-tmp/work/dm816x-evm-none-linux-gnueabi/ti-cgt6x-1_7_3_4-r4/ti/TI_CGT_C6000_7.3.4/include/wctype.h
:FILE /swcoe/sdk/cm/netra/arago-tmp/work/dm816x-evm-none-linux-gnueabi/ti-cgt6x-1_7_3_4-r4/ti/TI_CGT_C6000_7.3.4/include/xcomplex
:FILE /swcoe/sdk/cm/netra/arago-tmp/work/dm816x-evm-none-linux-gnueabi/ti-cgt6x-1_7_3_4-r4/ti/TI_CGT_C6000_7.3.4/include/xdebug
:FILE /swcoe/sdk/cm/netra/arago-tmp/work/dm816x-evm-none-linux-gnueabi/ti-cgt6x-1_7_3_4-r4/ti/TI_CGT_C6000_7.3.4/include/xhash
:FILE /swcoe/sdk/cm/netra/arago-tmp/work/dm816x-evm-none-linux-gnueabi/ti-cgt6x-1_7_3_4-r4/ti/TI_CGT_C6000_7.3.4/include/xiosbase
:FILE /swcoe/sdk/cm/netra/arago-tmp/work/dm816x-evm-none-linux-gnueabi/ti-cgt6x-1_7_3_4-r4/ti/TI_CGT_C6000_7.3.4/include/xlocale
:FILE /swcoe/sdk/cm/netra/arago-tmp/work/dm816x-evm-none-linux-gnueabi/ti-cgt6x-1_7_3_4-r4/ti/TI_CGT_C6000_7.3.4/include/xlocinfo
:FILE /swcoe/sdk/cm/netra/arago-tmp/work/dm816x-evm-none-linux-gnueabi/ti-cgt6x-1_7_3_4-r4/ti/TI_CGT_C6000_7.3.4/include/xlocinfo.h
:FILE /swcoe/sdk/cm/netra/arago-tmp/work/dm816x-evm-none-linux-gnueabi/ti-cgt6x-1_7_3_4-r4/ti/TI_CGT_C6000_7.3.4/include/xlocmes
:FILE /swcoe/sdk/cm/netra/arago-tmp/work/dm816x-evm-none-linux-gnueabi/ti-cgt6x-1_7_3_4-r4/ti/TI_CGT_C6000_7.3.4/include/xlocmon
:FILE /swcoe/sdk/cm/netra/arago-tmp/work/dm816x-evm-none-linux-gnueabi/ti-cgt6x-1_7_3_4-r4/ti/TI_CGT_C6000_7.3.4/include/xlocnum
:FILE /swcoe/sdk/cm/netra/arago-tmp/work/dm816x-evm-none-linux-gnueabi/ti-cgt6x-1_7_3_4-r4/ti/TI_CGT_C6000_7.3.4/include/xloctime
:FILE /swcoe/sdk/cm/netra/arago-tmp/work/dm816x-evm-none-linux-gnueabi/ti-cgt6x-1_7_3_4-r4/ti/TI_CGT_C6000_7.3.4/include/xmemory
:FILE /swcoe/sdk/cm/netra/arago-tmp/work/dm816x-evm-none-linux-gnueabi/ti-cgt6x-1_7_3_4-r4/ti/TI_CGT_C6000_7.3.4/include/xstddef
:FILE /swcoe/sdk/cm/netra/arago-tmp/work/dm816x-evm-none-linux-gnueabi/ti-cgt6x-1_7_3_4-r4/ti/TI_CGT_C6000_7.3.4/include/xstring
:FILE /swcoe/sdk/cm/netra/arago-tmp/work/dm816x-evm-none-linux-gnueabi/ti-cgt6x-1_7_3_4-r4/ti/TI_CGT_C6000_7.3.4/include/xtree
:FILE /swcoe/sdk/cm/netra/arago-tmp/work/dm816x-evm-none-linux-gnueabi/ti-cgt6x-1_7_3_4-r4/ti/TI_CGT_C6000_7.3.4/include/xutility
:FILE /swcoe/sdk/cm/netra/arago-tmp/work/dm816x-evm-none-linux-gnueabi/ti-cgt6x-1_7_3_4-r4/ti/TI_CGT_C6000_7.3.4/include/xwcc.h
:FILE /swcoe/sdk/cm/netra/arago-tmp/work/dm816x-evm-none-linux-gnueabi/ti-cgt6x-1_7_3_4-r4/ti/TI_CGT_C6000_7.3.4/include/ymath.h
:FILE /swcoe/sdk/cm/netra/arago-tmp/work/dm816x-evm-none-linux-gnueabi/ti-cgt6x-1_7_3_4-r4/ti/TI_CGT_C6000_7.3.4/include/yvals.h
:DIR /swcoe/sdk/cm/netra/arago-tmp/work/dm816x-evm-none-linux-gnueabi/ti-cgt6x-1_7_3_4-r4/ti/TI_CGT_C6000_7.3.4/lib
:FILE /swcoe/sdk/cm/netra/arago-tmp/work/dm816x-evm-none-linux-gnueabi/ti-cgt6x-1_7_3_4-r4/ti/TI_CGT_C6000_7.3.4/lib/libc.a
:FILE /swcoe/sdk/cm/netra/arago-tmp/work/dm816x-evm-none-linux-gnueabi/ti-cgt6x-1_7_3_4-r4/ti/TI_CGT_C6000_7.3.4/lib/lnk.cmd
:FILE /swcoe/sdk/cm/netra/arago-tmp/work/dm816x-evm-none-linux-gnueabi/ti-cgt6x-1_7_3_4-r4/ti/TI_CGT_C6000_7.3.4/lib/mklib
:FILE /swcoe/sdk/cm/netra/arago-tmp/work/dm816x-evm-none-linux-gnueabi/ti-cgt6x-1_7_3_4-r4/ti/TI_CGT_C6000_7.3.4/lib/mklib.c
:FILE /swcoe/sdk/cm/netra/arago-tmp/work/dm816x-evm-none-linux-gnueabi/ti-cgt6x-1_7_3_4-r4/ti/TI_CGT_C6000_7.3.4/lib/mklib.exe
:FILE /swcoe/sdk/cm/netra/arago-tmp/work/dm816x-evm-none-linux-gnueabi/ti-cgt6x-1_7_3_4-r4/ti/TI_CGT_C6000_7.3.4/lib/rts64plus.lib
:FILE /swcoe/sdk/cm/netra/arago-tmp/work/dm816x-evm-none-linux-gnueabi/ti-cgt6x-1_7_3_4-r4/ti/TI_CGT_C6000_7.3.4/lib/rts64plus_elf.lib
:FILE /swcoe/sdk/cm/netra/arago-tmp/work/dm816x-evm-none-linux-gnueabi/ti-cgt6x-1_7_3_4-r4/ti/TI_CGT_C6000_7.3.4/lib/rts64pluse.lib
:FILE /swcoe/sdk/cm/netra/arago-tmp/work/dm816x-evm-none-linux-gnueabi/ti-cgt6x-1_7_3_4-r4/ti/TI_CGT_C6000_7.3.4/lib/rts64pluse_elf.lib
:FILE /swcoe/sdk/cm/netra/arago-tmp/work/dm816x-evm-none-linux-gnueabi/ti-cgt6x-1_7_3_4-r4/ti/TI_CGT_C6000_7.3.4/lib/rts6200.lib
:FILE /swcoe/sdk/cm/netra/arago-tmp/work/dm816x-evm-none-linux-gnueabi/ti-cgt6x-1_7_3_4-r4/ti/TI_CGT_C6000_7.3.4/lib/rts6400.lib
:FILE /swcoe/sdk/cm/netra/arago-tmp/work/dm816x-evm-none-linux-gnueabi/ti-cgt6x-1_7_3_4-r4/ti/TI_CGT_C6000_7.3.4/lib/rts6400e.lib
:FILE /swcoe/sdk/cm/netra/arago-tmp/work/dm816x-evm-none-linux-gnueabi/ti-cgt6x-1_7_3_4-r4/ti/TI_CGT_C6000_7.3.4/lib/rts6400e_elf.lib
:FILE /swcoe/sdk/cm/netra/arago-tmp/work/dm816x-evm-none-linux-gnueabi/ti-cgt6x-1_7_3_4-r4/ti/TI_CGT_C6000_7.3.4/lib/rts6600_elf.lib
:FILE /swcoe/sdk/cm/netra/arago-tmp/work/dm816x-evm-none-linux-gnueabi/ti-cgt6x-1_7_3_4-r4/ti/TI_CGT_C6000_7.3.4/lib/rts6600e_elf.lib
:FILE /swcoe/sdk/cm/netra/arago-tmp/work/dm816x-evm-none-linux-gnueabi/ti-cgt6x-1_7_3_4-r4/ti/TI_CGT_C6000_7.3.4/lib/rts6740.lib
:FILE /swcoe/sdk/cm/netra/arago-tmp/work/dm816x-evm-none-linux-gnueabi/ti-cgt6x-1_7_3_4-r4/ti/TI_CGT_C6000_7.3.4/lib/rts6740_elf.lib
:FILE /swcoe/sdk/cm/netra/arago-tmp/work/dm816x-evm-none-linux-gnueabi/ti-cgt6x-1_7_3_4-r4/ti/TI_CGT_C6000_7.3.4/lib/rts6740e.lib
:FILE /swcoe/sdk/cm/netra/arago-tmp/work/dm816x-evm-none-linux-gnueabi/ti-cgt6x-1_7_3_4-r4/ti/TI_CGT_C6000_7.3.4/lib/rts6740e_elf.lib
:FILE /swcoe/sdk/cm/netra/arago-tmp/work/dm816x-evm-none-linux-gnueabi/ti-cgt6x-1_7_3_4-r4/ti/TI_CGT_C6000_7.3.4/lib/RTS_7_3_4_Manifest.pdf
:FILE /swcoe/sdk/cm/netra/arago-tmp/work/dm816x-evm-none-linux-gnueabi/ti-cgt6x-1_7_3_4-r4/ti/TI_CGT_C6000_7.3.4/lib/rtssrc.zip
:DIR /swcoe/sdk/cm/netra/arago-tmp/work/dm816x-evm-none-linux-gnueabi/ti-cgt6x-1_7_3_4-r4/ti/TI_CGT_C6000_7.3.4/man
:DIR /swcoe/sdk/cm/netra/arago-tmp/work/dm816x-evm-none-linux-gnueabi/ti-cgt6x-1_7_3_4-r4/ti/TI_CGT_C6000_7.3.4/man/man1
:FILE /swcoe/sdk/cm/netra/arago-tmp/work/dm816x-evm-none-linux-gnueabi/ti-cgt6x-1_7_3_4-r4/ti/TI_CGT_C6000_7.3.4/man/man1/abs6x.1
:FILE /swcoe/sdk/cm/netra/arago-tmp/work/dm816x-evm-none-linux-gnueabi/ti-cgt6x-1_7_3_4-r4/ti/TI_CGT_C6000_7.3.4/man/man1/acp6x.1
:FILE /swcoe/sdk/cm/netra/arago-tmp/work/dm816x-evm-none-linux-gnueabi/ti-cgt6x-1_7_3_4-r4/ti/TI_CGT_C6000_7.3.4/man/man1/acpia6x.1
:FILE /swcoe/sdk/cm/netra/arago-tmp/work/dm816x-evm-none-linux-gnueabi/ti-cgt6x-1_7_3_4-r4/ti/TI_CGT_C6000_7.3.4/man/man1/ap6x.1
:FILE /swcoe/sdk/cm/netra/arago-tmp/work/dm816x-evm-none-linux-gnueabi/ti-cgt6x-1_7_3_4-r4/ti/TI_CGT_C6000_7.3.4/man/man1/ap6x3.1
:FILE /swcoe/sdk/cm/netra/arago-tmp/work/dm816x-evm-none-linux-gnueabi/ti-cgt6x-1_7_3_4-r4/ti/TI_CGT_C6000_7.3.4/man/man1/asm6x.1
:FILE /swcoe/sdk/cm/netra/arago-tmp/work/dm816x-evm-none-linux-gnueabi/ti-cgt6x-1_7_3_4-r4/ti/TI_CGT_C6000_7.3.4/man/man1/cbe6x.1
:FILE /swcoe/sdk/cm/netra/arago-tmp/work/dm816x-evm-none-linux-gnueabi/ti-cgt6x-1_7_3_4-r4/ti/TI_CGT_C6000_7.3.4/man/man1/cbeia6x.1
:FILE /swcoe/sdk/cm/netra/arago-tmp/work/dm816x-evm-none-linux-gnueabi/ti-cgt6x-1_7_3_4-r4/ti/TI_CGT_C6000_7.3.4/man/man1/cg6x.1
:FILE /swcoe/sdk/cm/netra/arago-tmp/work/dm816x-evm-none-linux-gnueabi/ti-cgt6x-1_7_3_4-r4/ti/TI_CGT_C6000_7.3.4/man/man1/cg6x3.1
:FILE /swcoe/sdk/cm/netra/arago-tmp/work/dm816x-evm-none-linux-gnueabi/ti-cgt6x-1_7_3_4-r4/ti/TI_CGT_C6000_7.3.4/man/man1/ci6x.1
:FILE /swcoe/sdk/cm/netra/arago-tmp/work/dm816x-evm-none-linux-gnueabi/ti-cgt6x-1_7_3_4-r4/ti/TI_CGT_C6000_7.3.4/man/man1/cl6x.1
:FILE /swcoe/sdk/cm/netra/arago-tmp/work/dm816x-evm-none-linux-gnueabi/ti-cgt6x-1_7_3_4-r4/ti/TI_CGT_C6000_7.3.4/man/man1/clt6x.1
:FILE /swcoe/sdk/cm/netra/arago-tmp/work/dm816x-evm-none-linux-gnueabi/ti-cgt6x-1_7_3_4-r4/ti/TI_CGT_C6000_7.3.4/man/man1/dis6x.1
:FILE /swcoe/sdk/cm/netra/arago-tmp/work/dm816x-evm-none-linux-gnueabi/ti-cgt6x-1_7_3_4-r4/ti/TI_CGT_C6000_7.3.4/man/man1/embed6x.1
:FILE /swcoe/sdk/cm/netra/arago-tmp/work/dm816x-evm-none-linux-gnueabi/ti-cgt6x-1_7_3_4-r4/ti/TI_CGT_C6000_7.3.4/man/man1/hex6x.1
:FILE /swcoe/sdk/cm/netra/arago-tmp/work/dm816x-evm-none-linux-gnueabi/ti-cgt6x-1_7_3_4-r4/ti/TI_CGT_C6000_7.3.4/man/man1/ilk6x.1
:FILE /swcoe/sdk/cm/netra/arago-tmp/work/dm816x-evm-none-linux-gnueabi/ti-cgt6x-1_7_3_4-r4/ti/TI_CGT_C6000_7.3.4/man/man1/libinfo6x.1
:FILE /swcoe/sdk/cm/netra/arago-tmp/work/dm816x-evm-none-linux-gnueabi/ti-cgt6x-1_7_3_4-r4/ti/TI_CGT_C6000_7.3.4/man/man1/lnk6x.1
:FILE /swcoe/sdk/cm/netra/arago-tmp/work/dm816x-evm-none-linux-gnueabi/ti-cgt6x-1_7_3_4-r4/ti/TI_CGT_C6000_7.3.4/man/man1/nm6x.1
:FILE /swcoe/sdk/cm/netra/arago-tmp/work/dm816x-evm-none-linux-gnueabi/ti-cgt6x-1_7_3_4-r4/ti/TI_CGT_C6000_7.3.4/man/man1/ofd6x.1
:FILE /swcoe/sdk/cm/netra/arago-tmp/work/dm816x-evm-none-linux-gnueabi/ti-cgt6x-1_7_3_4-r4/ti/TI_CGT_C6000_7.3.4/man/man1/opt6x.1
:FILE /swcoe/sdk/cm/netra/arago-tmp/work/dm816x-evm-none-linux-gnueabi/ti-cgt6x-1_7_3_4-r4/ti/TI_CGT_C6000_7.3.4/man/man1/pdd6x.1
:FILE /swcoe/sdk/cm/netra/arago-tmp/work/dm816x-evm-none-linux-gnueabi/ti-cgt6x-1_7_3_4-r4/ti/TI_CGT_C6000_7.3.4/man/man1/pprof6x.1
:FILE /swcoe/sdk/cm/netra/arago-tmp/work/dm816x-evm-none-linux-gnueabi/ti-cgt6x-1_7_3_4-r4/ti/TI_CGT_C6000_7.3.4/man/man1/prelink6x.1
:FILE /swcoe/sdk/cm/netra/arago-tmp/work/dm816x-evm-none-linux-gnueabi/ti-cgt6x-1_7_3_4-r4/ti/TI_CGT_C6000_7.3.4/man/man1/strip6x.1
:FILE /swcoe/sdk/cm/netra/arago-tmp/work/dm816x-evm-none-linux-gnueabi/ti-cgt6x-1_7_3_4-r4/ti/TI_CGT_C6000_7.3.4/man/man1/xref6x.1
:DIR /swcoe/sdk/cm/netra/arago-tmp/work/dm816x-evm-none-linux-gnueabi/ti-cgt6x-1_7_3_4-r4/ti/TI_CGT_C6000_7.3.4/doc
:FILE /swcoe/sdk/cm/netra/arago-tmp/work/dm816x-evm-none-linux-gnueabi/ti-cgt6x-1_7_3_4-r4/ti/TI_CGT_C6000_7.3.4/doc/README.txt
:FILE /swcoe/sdk/cm/netra/arago-tmp/work/dm816x-evm-none-linux-gnueabi/ti-cgt6x-1_7_3_4-r4/ti/TI_CGT_C6000_7.3.4/doc/SPRAB90.pdf
:FILE /swcoe/sdk/cm/netra/arago-tmp/work/dm816x-evm-none-linux-gnueabi/ti-cgt6x-1_7_3_4-r4/ti/TI_CGT_C6000_7.3.4/doc/SPRU186V.pdf
:FILE /swcoe/sdk/cm/netra/arago-tmp/work/dm816x-evm-none-linux-gnueabi/ti-cgt6x-1_7_3_4-r4/ti/TI_CGT_C6000_7.3.4/doc/SPRU187T.pdf
:FILE /swcoe/sdk/cm/netra/arago-tmp/work/dm816x-evm-none-linux-gnueabi/ti-cgt6x-1_7_3_4-r4/ti/TI_CGT_C6000_7.3.4/install.log
